<?xml version="1.0" encoding="UTF-8"?>
<testng-results skipped="0" failed="0" ignored="0" total="1" passed="1">
  <reporter-output>
  </reporter-output>
  <suite name="Default suite" duration-ms="20674" started-at="2020-02-26T11:18:23Z" finished-at="2020-02-26T11:18:44Z">
    <groups>
    </groups>
    <test name="Default test" duration-ms="20674" started-at="2020-02-26T11:18:23Z" finished-at="2020-02-26T11:18:44Z">
      <class name="com.test.AtlasLoginTest">
        <test-method status="PASS" signature="loginByConnectingDB()[pri:0, instance:com.test.AtlasLoginTest@5e3a8624]" name="loginByConnectingDB" duration-ms="20654" started-at="2020-02-26T11:18:23Z" finished-at="2020-02-26T11:18:44Z">
          <reporter-output>
          </reporter-output>
        </test-method> <!-- loginByConnectingDB -->
      </class> <!-- com.test.AtlasLoginTest -->
    </test> <!-- Default test -->
  </suite> <!-- Default suite -->
</testng-results>
